SF:lib/src/shipping_info.dart
DA:12,3
DA:20,4
DA:21,2
DA:22,2
DA:23,2
DA:24,2
DA:25,6
DA:29,3
DA:32,3
DA:33,3
DA:34,3
DA:35,3
DA:36,3
DA:37,3
DA:38,3
LF:15
LH:15
end_of_record
SF:lib/src/shipping_model.dart
DA:15,1
DA:24,0
DA:25,0
DA:26,0
DA:27,0
DA:28,0
DA:29,0
DA:30,0
DA:31,0
DA:34,1
DA:38,1
DA:39,1
DA:40,1
DA:41,2
DA:42,1
DA:43,1
DA:44,1
DA:45,1
DA:46,1
DA:48,0
DA:49,1
DA:50,1
DA:51,1
DA:53,1
DA:58,1
LF:25
LH:16
end_of_record
SF:lib/src/delivery.dart
DA:12,1
DA:19,0
DA:20,0
DA:21,0
DA:22,0
DA:23,0
DA:26,1
DA:30,1
DA:31,1
DA:32,1
DA:33,1
DA:34,1
DA:35,1
DA:36,2
DA:38,1
DA:40,2
DA:41,1
DA:42,1
DA:43,1
DA:46,1
DA:47,1
LF:21
LH:16
end_of_record
SF:lib/src/cart_item.dart
DA:17,1
DA:29,0
DA:30,0
DA:31,0
DA:32,0
DA:33,0
DA:34,0
DA:35,0
DA:36,0
DA:37,0
DA:38,0
DA:41,1
DA:45,1
DA:46,1
DA:47,1
DA:48,1
DA:49,1
DA:50,1
DA:51,1
DA:52,1
DA:53,2
DA:54,2
DA:55,1
DA:58,1
DA:61,1
DA:62,1
DA:63,1
DA:64,1
DA:65,1
DA:66,1
DA:67,1
DA:68,2
DA:69,2
DA:70,1
LF:34
LH:24
end_of_record
SF:lib/src/trice_enums.dart
DA:11,0
DA:14,0
DA:16,0
DA:34,0
DA:37,0
DA:39,0
DA:41,0
DA:43,0
DA:45,0
DA:47,0
DA:49,0
DA:51,0
DA:53,0
DA:55,0
LF:14
LH:0
end_of_record
SF:lib/src/user.dart
DA:14,1
DA:23,0
DA:24,0
DA:25,0
DA:26,0
DA:27,0
DA:28,0
DA:29,0
DA:32,1
DA:36,1
DA:37,1
DA:38,1
DA:39,1
DA:40,1
DA:41,1
DA:42,1
DA:43,1
DA:46,1
DA:47,1
DA:50,1
DA:54,1
DA:55,1
DA:56,1
DA:57,1
DA:58,1
DA:59,1
DA:60,1
DA:63,1
DA:64,1
LF:29
LH:22
end_of_record
SF:lib/src/cuisine_item.dart
DA:20,1
DA:34,0
DA:35,0
DA:37,0
DA:38,0
DA:40,0
DA:41,0
DA:42,0
DA:43,0
DA:44,0
DA:48,0
DA:49,0
DA:50,0
DA:51,0
DA:52,0
DA:53,0
DA:54,0
DA:55,0
DA:56,0
DA:57,0
DA:58,0
DA:61,1
DA:65,1
DA:66,1
DA:67,1
DA:68,1
DA:69,1
DA:70,1
DA:71,1
DA:72,1
DA:73,1
DA:74,1
DA:76,1
DA:78,2
DA:79,2
DA:80,1
DA:81,1
DA:82,1
DA:84,0
DA:87,0
DA:88,0
DA:90,0
DA:93,1
DA:96,1
DA:99,1
DA:100,1
DA:101,1
DA:102,1
DA:103,1
DA:104,1
DA:105,1
DA:106,1
DA:107,1
DA:109,1
DA:111,2
DA:112,2
DA:113,1
DA:114,1
DA:115,1
DA:117,0
DA:120,0
DA:121,0
DA:123,0
DA:126,1
LF:64
LH:36
end_of_record
SF:lib/src/cuisine_model.dart
DA:8,1
DA:12,0
DA:13,0
DA:16,1
DA:20,1
DA:21,1
DA:22,1
LF:7
LH:5
end_of_record
SF:lib/src/destination_model.dart
DA:14,1
DA:23,0
DA:24,0
DA:25,0
DA:26,0
DA:27,0
DA:28,0
DA:29,0
DA:32,1
DA:36,1
DA:37,1
DA:38,1
DA:39,1
DA:40,1
DA:41,1
DA:42,1
DA:46,1
DA:50,1
DA:51,1
DA:52,1
DA:53,1
DA:54,1
DA:55,1
DA:56,1
DA:57,1
LF:25
LH:18
end_of_record
SF:lib/src/destinations.dart
DA:7,1
DA:9,0
DA:10,0
DA:13,1
DA:17,1
DA:18,1
DA:19,1
DA:20,2
DA:22,1
DA:24,2
DA:26,2
DA:28,1
DA:31,1
DA:32,1
DA:34,1
DA:36,1
LF:16
LH:14
end_of_record
SF:lib/src/m_pesa_payments.dart
DA:13,1
DA:20,0
DA:21,0
DA:22,0
DA:23,0
DA:24,0
DA:25,0
DA:28,1
DA:32,1
DA:33,1
DA:34,1
DA:35,1
DA:36,1
DA:37,1
DA:38,1
DA:42,1
DA:45,1
DA:46,1
DA:47,1
DA:48,1
DA:49,1
DA:50,1
LF:22
LH:16
end_of_record
SF:lib/src/messagebird_model.dart
DA:11,1
DA:16,0
DA:17,0
DA:18,0
DA:19,0
DA:20,0
DA:23,1
DA:27,1
DA:28,1
DA:29,1
DA:30,1
DA:31,1
DA:32,2
LF:13
LH:8
end_of_record
SF:lib/src/subscription.dart
DA:15,1
DA:24,0
DA:25,0
DA:26,0
DA:27,0
DA:28,0
DA:29,0
DA:30,0
DA:31,0
DA:32,0
DA:35,1
DA:39,1
DA:41,1
DA:43,1
DA:44,1
DA:45,1
DA:46,1
DA:47,1
DA:49,1
DA:51,1
DA:52,1
DA:53,1
DA:54,1
LF:23
LH:14
end_of_record
SF:lib/src/push_notification.dart
DA:4,0
LF:1
LH:0
end_of_record
SF:lib/src/restaurant.dart
DA:11,1
DA:16,0
DA:17,0
DA:18,0
DA:19,0
DA:22,1
DA:26,1
DA:27,1
DA:28,1
DA:29,1
DA:30,1
LF:11
LH:7
end_of_record
SF:lib/src/courier.dart
DA:11,2
DA:17,2
DA:18,1
DA:19,1
DA:20,1
DA:21,1
DA:24,2
DA:28,2
DA:29,2
DA:30,2
DA:31,2
DA:32,2
LF:12
LH:12
end_of_record
SF:lib/src/wallet.dart
DA:11,1
DA:18,0
DA:19,0
DA:20,0
DA:21,0
DA:22,0
DA:25,1
DA:29,1
DA:31,1
DA:32,1
DA:33,1
DA:34,1
DA:35,1
DA:36,1
LF:14
LH:9
end_of_record
